********************************************************************************
*                      Thursday, June 01, 2017 9:11:06 PM                      *
********************************************************************************
CSharpCompilerWrapper.exe version: 2.0.3.30
Platform: Windows
Target assembly: Assembly-CSharp.dll
Project directory: C:\Users\syynth\code\unity\platforming-test
Target profile directory: C:\Program Files\Unity\Editor\Data\Mono\lib\mono\unity
Unity 'Data' or 'Frameworks' directory: C:/Program Files/Unity/Editor/Data
Compiler: Microsoft C# 7.0

- Compilation -----------------------------------------------

Process: C:\Users\syynth\code\unity\platforming-test\CSharp70Support\Roslyn\csc.exe
Arguments: -nostdlib+ -noconfig -nologo -r:"C:\Program Files\Unity\Editor\Data\Mono\lib\mono\unity\mscorlib.dll" -r:"C:\Program Files\Unity\Editor\Data\Mono\lib\mono\unity\System.dll" -r:"C:\Program Files\Unity\Editor\Data\Mono\lib\mono\unity\System.Core.dll" -r:"C:\Program Files\Unity\Editor\Data\Mono\lib\mono\unity\System.Xml.dll" @Temp/UnityTempFile-85ed5b3caaef1cd4d9e1accca435edaa 
Exit code: 1
Elapsed time: 0.63 sec

- Compiler output (0 lines):

- Compiler errors (25 lines):
0: Assets\Code\SmoothCameraFollow.cs(33,24): warning CS0108: 'SmoothCameraFollow.camera' hides inherited member 'Component.camera'. Use the new keyword if hiding was intended.
1: Assets\Code\Player\PlayerIdle.cs(12,23): warning CS0108: 'PlayerIdle.info' hides inherited member 'ActorState<PlayerActor>.info'. Use the new keyword if hiding was intended.
2: Assets\Code\BoxcastMotionController.cs(60,21): error CS1061: 'RaycastHit2D' does not contain a definition for 'isValid' and no extension method 'isValid' accepting a first argument of type 'RaycastHit2D' could be found (are you missing a using directive or an assembly reference?)
3: Assets\Code\BoxcastMotionController.cs(81,27): error CS1061: 'RaycastHit2D' does not contain a definition for 'isValid' and no extension method 'isValid' accepting a first argument of type 'RaycastHit2D' could be found (are you missing a using directive or an assembly reference?)
4: Assets\Code\BoxcastMotionController.cs(81,46): error CS1061: 'RaycastHit2D' does not contain a definition for 'isValid' and no extension method 'isValid' accepting a first argument of type 'RaycastHit2D' could be found (are you missing a using directive or an assembly reference?)
5: Assets\Code\BoxcastMotionController.cs(102,21): error CS1061: 'RaycastHit2D' does not contain a definition for 'isValid' and no extension method 'isValid' accepting a first argument of type 'RaycastHit2D' could be found (are you missing a using directive or an assembly reference?)
6: Assets\Code\BoxcastMotionController.cs(105,28): error CS1061: 'RaycastHit2D' does not contain a definition for 'isValid' and no extension method 'isValid' accepting a first argument of type 'RaycastHit2D' could be found (are you missing a using directive or an assembly reference?)
7: Assets\Code\BoxcastMotionController.cs(123,21): error CS0034: Operator '+=' is ambiguous on operands of type 'Vector3' and 'Vector2'
8: Assets\Code\BoxcastMotionController.cs(172,35): error CS1061: 'RaycastHit2D' does not contain a definition for 'isValid' and no extension method 'isValid' accepting a first argument of type 'RaycastHit2D' could be found (are you missing a using directive or an assembly reference?)
9: Assets\Code\BoxcastMotionController.cs(173,19): error CS0029: Cannot implicitly convert type 'UnityEngine.RaycastHit2D' to 'UnityEngine.RaycastHit'
10: Assets\Code\BoxcastMotionController.cs(176,24): error CS1061: 'RaycastHit' does not contain a definition for 'isValid' and no extension method 'isValid' accepting a first argument of type 'RaycastHit' could be found (are you missing a using directive or an assembly reference?)
11: Assets\Code\BoxcastMotionController.cs(184,23): error CS0029: Cannot implicitly convert type 'UnityEngine.RaycastHit2D' to 'UnityEngine.RaycastHit'
12: Assets\Code\BoxcastMotionController.cs(186,21): error CS1061: 'RaycastHit' does not contain a definition for 'isValid' and no extension method 'isValid' accepting a first argument of type 'RaycastHit' could be found (are you missing a using directive or an assembly reference?)
13: Assets\Code\BoxcastMotionController.cs(225,97): error CS1061: 'RaycastHit' does not contain a definition for 'isValid' and no extension method 'isValid' accepting a first argument of type 'RaycastHit' could be found (are you missing a using directive or an assembly reference?)
14: Assets\Code\BoxcastMotionController.cs(212,47): warning CS0168: The variable 'ex' is declared but never used
15: Assets\Code\BoxcastMotionController.cs(223,43): warning CS0168: The variable 'ex' is declared but never used
16: Assets\Code\BoxcastMotionController.cs(235,26): error CS1061: 'RaycastHit2D' does not contain a definition for 'isValid' and no extension method 'isValid' accepting a first argument of type 'RaycastHit2D' could be found (are you missing a using directive or an assembly reference?)
17: Assets\Code\BoxcastMotionController.cs(235,49): error CS1061: 'RaycastHit2D' does not contain a definition for 'isValid' and no extension method 'isValid' accepting a first argument of type 'RaycastHit2D' could be found (are you missing a using directive or an assembly reference?)
18: Assets\Code\RaycastController.cs(16,26): warning CS0649: Field 'RaycastController.solidLayer' is never assigned to, and will always have its default value
19: Assets\Ferr\Common\Scripts\LogoLock.cs(17,24): warning CS0649: Field 'LogoLock.mLockVertical' is never assigned to, and will always have its default value
20: Assets\Code\RaycastController.cs(17,26): warning CS0649: Field 'RaycastController.oneWayLayer' is never assigned to, and will always have its default value
21: Assets\Ferr\Common\Scripts\LogoLock.cs(19,24): warning CS0649: Field 'LogoLock.mPadding' is never assigned to, and will always have its default value 0
22: Assets\Code\SmoothCameraFollow.cs(12,28): warning CS0649: Field 'SmoothCameraFollow.target' is never assigned to, and will always have its default value null
23: Assets\Ferr\Common\Scripts\LogoLock.cs(15,24): warning CS0649: Field 'LogoLock.mLockHorizontal' is never assigned to, and will always have its default value
24: Assets\Ferr\2DTerrain\Scripts\Ferr2DT_PathTerrain.cs(263,26): warning CS0649: Field 'Ferr2DT_PathTerrain.terrainMaterial' is never assigned to, and will always have its default value null
********************************************************************************
*                      Thursday, June 01, 2017 9:15:18 PM                      *
********************************************************************************
CSharpCompilerWrapper.exe version: 2.0.3.30
Platform: Windows
Target assembly: Assembly-CSharp.dll
Project directory: C:\Users\syynth\code\unity\platforming-test
Target profile directory: C:\Program Files\Unity\Editor\Data\Mono\lib\mono\unity
Unity 'Data' or 'Frameworks' directory: C:/Program Files/Unity/Editor/Data
Compiler: Microsoft C# 7.0

- Compilation -----------------------------------------------

Process: C:\Users\syynth\code\unity\platforming-test\CSharp70Support\Roslyn\csc.exe
Arguments: -nostdlib+ -noconfig -nologo -r:"C:\Program Files\Unity\Editor\Data\Mono\lib\mono\unity\mscorlib.dll" -r:"C:\Program Files\Unity\Editor\Data\Mono\lib\mono\unity\System.dll" -r:"C:\Program Files\Unity\Editor\Data\Mono\lib\mono\unity\System.Core.dll" -r:"C:\Program Files\Unity\Editor\Data\Mono\lib\mono\unity\System.Xml.dll" @Temp/UnityTempFile-4778f2ca79183844090eee6be7d19d16 
Exit code: 1
Elapsed time: 0.61 sec

- Compiler output (0 lines):

- Compiler errors (22 lines):
0: Assets\Code\SmoothCameraFollow.cs(33,24): warning CS0108: 'SmoothCameraFollow.camera' hides inherited member 'Component.camera'. Use the new keyword if hiding was intended.
1: Assets\Code\Player\PlayerIdle.cs(12,23): warning CS0108: 'PlayerIdle.info' hides inherited member 'ActorState<PlayerActor>.info'. Use the new keyword if hiding was intended.
2: Assets\Code\BoxcastMotionController.cs(60,21): error CS1061: 'RaycastHit' does not contain a definition for 'isValid' and no extension method 'isValid' accepting a first argument of type 'RaycastHit' could be found (are you missing a using directive or an assembly reference?)
3: Assets\Code\BoxcastMotionController.cs(81,27): error CS1061: 'RaycastHit' does not contain a definition for 'isValid' and no extension method 'isValid' accepting a first argument of type 'RaycastHit' could be found (are you missing a using directive or an assembly reference?)
4: Assets\Code\BoxcastMotionController.cs(81,46): error CS1061: 'RaycastHit' does not contain a definition for 'isValid' and no extension method 'isValid' accepting a first argument of type 'RaycastHit' could be found (are you missing a using directive or an assembly reference?)
5: Assets\Code\BoxcastMotionController.cs(102,21): error CS1061: 'RaycastHit' does not contain a definition for 'isValid' and no extension method 'isValid' accepting a first argument of type 'RaycastHit' could be found (are you missing a using directive or an assembly reference?)
6: Assets\Code\BoxcastMotionController.cs(105,28): error CS1061: 'RaycastHit' does not contain a definition for 'isValid' and no extension method 'isValid' accepting a first argument of type 'RaycastHit' could be found (are you missing a using directive or an assembly reference?)
7: Assets\Code\BoxcastMotionController.cs(172,35): error CS1061: 'RaycastHit' does not contain a definition for 'isValid' and no extension method 'isValid' accepting a first argument of type 'RaycastHit' could be found (are you missing a using directive or an assembly reference?)
8: Assets\Code\BoxcastMotionController.cs(176,24): error CS1061: 'RaycastHit' does not contain a definition for 'isValid' and no extension method 'isValid' accepting a first argument of type 'RaycastHit' could be found (are you missing a using directive or an assembly reference?)
9: Assets\Code\BoxcastMotionController.cs(186,21): error CS1061: 'RaycastHit' does not contain a definition for 'isValid' and no extension method 'isValid' accepting a first argument of type 'RaycastHit' could be found (are you missing a using directive or an assembly reference?)
10: Assets\Code\BoxcastMotionController.cs(225,97): error CS1061: 'RaycastHit' does not contain a definition for 'isValid' and no extension method 'isValid' accepting a first argument of type 'RaycastHit' could be found (are you missing a using directive or an assembly reference?)
11: Assets\Code\BoxcastMotionController.cs(212,47): warning CS0168: The variable 'ex' is declared but never used
12: Assets\Code\BoxcastMotionController.cs(223,43): warning CS0168: The variable 'ex' is declared but never used
13: Assets\Code\BoxcastMotionController.cs(235,26): error CS1061: 'RaycastHit' does not contain a definition for 'isValid' and no extension method 'isValid' accepting a first argument of type 'RaycastHit' could be found (are you missing a using directive or an assembly reference?)
14: Assets\Code\BoxcastMotionController.cs(235,49): error CS1061: 'RaycastHit' does not contain a definition for 'isValid' and no extension method 'isValid' accepting a first argument of type 'RaycastHit' could be found (are you missing a using directive or an assembly reference?)
15: Assets\Ferr\Common\Scripts\LogoLock.cs(19,24): warning CS0649: Field 'LogoLock.mPadding' is never assigned to, and will always have its default value 0
16: Assets\Ferr\Common\Scripts\LogoLock.cs(17,24): warning CS0649: Field 'LogoLock.mLockVertical' is never assigned to, and will always have its default value
17: Assets\Code\RaycastController.cs(16,26): warning CS0649: Field 'RaycastController.solidLayer' is never assigned to, and will always have its default value
18: Assets\Code\RaycastController.cs(17,26): warning CS0649: Field 'RaycastController.oneWayLayer' is never assigned to, and will always have its default value
19: Assets\Ferr\Common\Scripts\LogoLock.cs(15,24): warning CS0649: Field 'LogoLock.mLockHorizontal' is never assigned to, and will always have its default value
20: Assets\Ferr\2DTerrain\Scripts\Ferr2DT_PathTerrain.cs(263,26): warning CS0649: Field 'Ferr2DT_PathTerrain.terrainMaterial' is never assigned to, and will always have its default value null
21: Assets\Code\SmoothCameraFollow.cs(12,28): warning CS0649: Field 'SmoothCameraFollow.target' is never assigned to, and will always have its default value null
********************************************************************************
*                      Thursday, June 01, 2017 9:16:19 PM                      *
********************************************************************************
CSharpCompilerWrapper.exe version: 2.0.3.30
Platform: Windows
Target assembly: Assembly-CSharp.dll
Project directory: C:\Users\syynth\code\unity\platforming-test
Target profile directory: C:\Program Files\Unity\Editor\Data\Mono\lib\mono\unity
Unity 'Data' or 'Frameworks' directory: C:/Program Files/Unity/Editor/Data
Compiler: Microsoft C# 7.0

- Compilation -----------------------------------------------

Process: C:\Users\syynth\code\unity\platforming-test\CSharp70Support\Roslyn\csc.exe
Arguments: -nostdlib+ -noconfig -nologo -r:"C:\Program Files\Unity\Editor\Data\Mono\lib\mono\unity\mscorlib.dll" -r:"C:\Program Files\Unity\Editor\Data\Mono\lib\mono\unity\System.dll" -r:"C:\Program Files\Unity\Editor\Data\Mono\lib\mono\unity\System.Core.dll" -r:"C:\Program Files\Unity\Editor\Data\Mono\lib\mono\unity\System.Xml.dll" @Temp/UnityTempFile-06560e1354a303e4b8b285d7c08e4e5a 
Exit code: 0
Elapsed time: 0.92 sec

- Compiler output (0 lines):

- Compiler errors (11 lines):
0: Assets\Code\SmoothCameraFollow.cs(33,24): warning CS0108: 'SmoothCameraFollow.camera' hides inherited member 'Component.camera'. Use the new keyword if hiding was intended.
1: Assets\Code\Player\PlayerIdle.cs(12,23): warning CS0108: 'PlayerIdle.info' hides inherited member 'ActorState<PlayerActor>.info'. Use the new keyword if hiding was intended.
2: Assets\Code\BoxcastMotionController.cs(212,47): warning CS0168: The variable 'ex' is declared but never used
3: Assets\Code\BoxcastMotionController.cs(223,43): warning CS0168: The variable 'ex' is declared but never used
4: Assets\Code\SmoothCameraFollow.cs(12,28): warning CS0649: Field 'SmoothCameraFollow.target' is never assigned to, and will always have its default value null
5: Assets\Code\RaycastController.cs(16,26): warning CS0649: Field 'RaycastController.solidLayer' is never assigned to, and will always have its default value
6: Assets\Ferr\Common\Scripts\LogoLock.cs(15,24): warning CS0649: Field 'LogoLock.mLockHorizontal' is never assigned to, and will always have its default value
7: Assets\Ferr\Common\Scripts\LogoLock.cs(19,24): warning CS0649: Field 'LogoLock.mPadding' is never assigned to, and will always have its default value 0
8: Assets\Ferr\2DTerrain\Scripts\Ferr2DT_PathTerrain.cs(263,26): warning CS0649: Field 'Ferr2DT_PathTerrain.terrainMaterial' is never assigned to, and will always have its default value null
9: Assets\Ferr\Common\Scripts\LogoLock.cs(17,24): warning CS0649: Field 'LogoLock.mLockVertical' is never assigned to, and will always have its default value
10: Assets\Code\RaycastController.cs(17,26): warning CS0649: Field 'RaycastController.oneWayLayer' is never assigned to, and will always have its default value

- PDB to MDB conversion --------------------------------------

Process: C:\Users\syynth\code\unity\platforming-test\CSharp70Support\Roslyn\pdb2mdb.exe
Arguments: Temp\Assembly-CSharp.dll
Exit code: 0
Elapsed time: 0.12 sec

- pdb2mdb.exe output (0 lines):
********************************************************************************
*                      Thursday, June 01, 2017 9:16:20 PM                      *
********************************************************************************
CSharpCompilerWrapper.exe version: 2.0.3.30
Platform: Windows
Target assembly: Assembly-CSharp-Editor.dll
Project directory: C:\Users\syynth\code\unity\platforming-test
Target profile directory: C:\Program Files\Unity\Editor\Data\MonoBleedingEdge\lib\mono\2.0-api
Unity 'Data' or 'Frameworks' directory: C:/Program Files/Unity/Editor/Data
Compiler: Microsoft C# 7.0

- Compilation -----------------------------------------------

Process: C:\Users\syynth\code\unity\platforming-test\CSharp70Support\Roslyn\csc.exe
Arguments: -nostdlib+ -noconfig -nologo -r:"C:\Program Files\Unity\Editor\Data\MonoBleedingEdge\lib\mono\2.0-api\mscorlib.dll" -r:"C:\Program Files\Unity\Editor\Data\MonoBleedingEdge\lib\mono\2.0-api\System.dll" -r:"C:\Program Files\Unity\Editor\Data\MonoBleedingEdge\lib\mono\2.0-api\System.Core.dll" -r:"C:\Program Files\Unity\Editor\Data\MonoBleedingEdge\lib\mono\2.0-api\System.Xml.dll" @Temp/UnityTempFile-b4e5f28f8182e444999557bdc48ceb66 
Exit code: 0
Elapsed time: 0.62 sec

- Compiler output (0 lines):

- Compiler errors (22 lines):
0: Assets\Ferr\2D\Editor\Ferr2D_PathEditor.cs(530,10): warning CS0618: 'Handles.DrawCapFunction' is obsolete: 'This delegate is obsolete. Use CapFunction instead.'
1: Assets\Ferr\2DTerrain\Editor\Ferr2DT_PathTerrainEditor.cs(117,9): warning CS0618: 'EditorUtility.SetSelectedWireframeHidden(Renderer, bool)' is obsolete: 'Use EditorUtility.SetSelectedRenderState'
2: Assets\Ferr\2D\Editor\Ferr2D_PathEditor.cs(291,3): warning CS0618: 'Handles.DrawCapFunction' is obsolete: 'This delegate is obsolete. Use CapFunction instead.'
3: Assets\Ferr\2D\Editor\Ferr2D_PathEditor.cs(291,86): warning CS0618: 'Handles.DrawCapFunction' is obsolete: 'This delegate is obsolete. Use CapFunction instead.'
4: Assets\Ferr\2D\Editor\Ferr2D_PathEditor.cs(291,133): warning CS0618: 'Handles.DrawCapFunction' is obsolete: 'This delegate is obsolete. Use CapFunction instead.'
5: Assets\Ferr\2D\Editor\Ferr2D_PathEditor.cs(292,7): warning CS0618: 'Handles.Button(Vector3, Quaternion, float, float, Handles.DrawCapFunction)' is obsolete: 'DrawCapFunction is obsolete. Use the version with CapFunction instead. Example: Change SphereCap to SphereHandleCap.'
6: Assets\Ferr\2D\Editor\Ferr2D_PathEditor.cs(302,33): warning CS0618: 'Handles.Button(Vector3, Quaternion, float, float, Handles.DrawCapFunction)' is obsolete: 'DrawCapFunction is obsolete. Use the version with CapFunction instead. Example: Change SphereCap to SphereHandleCap.'
7: Assets\Ferr\2D\Editor\Ferr2D_PathEditor.cs(316,33): warning CS0618: 'Handles.Button(Vector3, Quaternion, float, float, Handles.DrawCapFunction)' is obsolete: 'DrawCapFunction is obsolete. Use the version with CapFunction instead. Example: Change SphereCap to SphereHandleCap.'
8: Assets\Spine\spine-unity\Editor\SpineEditorUtilities.cs(1678,4): warning CS0618: 'Handles.DotCap(int, Vector3, Quaternion, float)' is obsolete: 'Use DotHandleCap instead'
9: Assets\Ferr\2D\Editor\Ferr2D_PathEditor.cs(339,3): warning CS0618: 'Handles.DrawCapFunction' is obsolete: 'This delegate is obsolete. Use CapFunction instead.'
10: Assets\Ferr\2D\Editor\Ferr2D_PathEditor.cs(340,50): warning CS0618: 'Handles.DrawCapFunction' is obsolete: 'This delegate is obsolete. Use CapFunction instead.'
11: Assets\Ferr\2D\Editor\Ferr2D_PathEditor.cs(340,96): warning CS0618: 'Handles.DrawCapFunction' is obsolete: 'This delegate is obsolete. Use CapFunction instead.'
12: Assets\Ferr\2D\Editor\Ferr2D_PathEditor.cs(341,50): warning CS0618: 'Handles.DrawCapFunction' is obsolete: 'This delegate is obsolete. Use CapFunction instead.'
13: Assets\Ferr\2D\Editor\Ferr2D_PathEditor.cs(341,96): warning CS0618: 'Handles.DrawCapFunction' is obsolete: 'This delegate is obsolete. Use CapFunction instead.'
14: Assets\Ferr\2D\Editor\Ferr2D_PathEditor.cs(343,20): warning CS0618: 'Handles.FreeMoveHandle(Vector3, Quaternion, float, Vector3, Handles.DrawCapFunction)' is obsolete: 'DrawCapFunction is obsolete. Use the version with CapFunction instead. Example: Change SphereCap to SphereHandleCap.'
15: Assets\Ferr\2D\Editor\Ferr2D_PathEditor.cs(368,32): warning CS0618: 'Handles.DrawCapFunction' is obsolete: 'This delegate is obsolete. Use CapFunction instead.'
16: Assets\Ferr\2D\Editor\Ferr2D_PathEditor.cs(369,9): warning CS0618: 'Handles.Button(Vector3, Quaternion, float, float, Handles.DrawCapFunction)' is obsolete: 'DrawCapFunction is obsolete. Use the version with CapFunction instead. Example: Change SphereCap to SphereHandleCap.'
17: Assets\Ferr\2D\Editor\Ferr2D_PathEditor.cs(387,31): warning CS0618: 'Handles.DrawCapFunction' is obsolete: 'This delegate is obsolete. Use CapFunction instead.'
18: Assets\Ferr\2D\Editor\Ferr2D_PathEditor.cs(387,70): warning CS0618: 'Handles.DrawCapFunction' is obsolete: 'This delegate is obsolete. Use CapFunction instead.'
19: Assets\Ferr\2D\Editor\Ferr2D_PathEditor.cs(389,24): warning CS0618: 'Handles.FreeMoveHandle(Vector3, Quaternion, float, Vector3, Handles.DrawCapFunction)' is obsolete: 'DrawCapFunction is obsolete. Use the version with CapFunction instead. Example: Change SphereCap to SphereHandleCap.'
20: Assets\Ferr\2D\Editor\Ferr2D_PathEditor.cs(411,8): warning CS0618: 'Handles.Button(Vector3, Quaternion, float, float, Handles.DrawCapFunction)' is obsolete: 'DrawCapFunction is obsolete. Use the version with CapFunction instead. Example: Change SphereCap to SphereHandleCap.'
21: Assets\Ferr\2D\Editor\Ferr2D_PathEditor.cs(492,7): warning CS0618: 'Handles.Button(Vector3, Quaternion, float, float, Handles.DrawCapFunction)' is obsolete: 'DrawCapFunction is obsolete. Use the version with CapFunction instead. Example: Change SphereCap to SphereHandleCap.'

- PDB to MDB conversion --------------------------------------

Process: C:\Users\syynth\code\unity\platforming-test\CSharp70Support\Roslyn\pdb2mdb.exe
Arguments: Temp\Assembly-CSharp-Editor.dll
Exit code: 0
Elapsed time: 0.06 sec

- pdb2mdb.exe output (0 lines):
